0 info it worked if it ends with ok
1 verbose cli [ '/usr/local/bin/node',
1 verbose cli   '/usr/local/bin/npm',
1 verbose cli   'install',
1 verbose cli   'gea-plugin-range' ]
2 info using npm@2.14.7
3 info using node@v4.2.1
4 verbose install initial load of /home/pi/firstbuild_hackathon/package.json
5 verbose installManyTop reading scoped package data from /home/pi/firstbuild_hackathon/node_modules/abbrev/package.json
6 verbose installManyTop reading scoped package data from /home/pi/firstbuild_hackathon/node_modules/accepts/package.json
7 verbose installManyTop reading scoped package data from /home/pi/firstbuild_hackathon/node_modules/after/package.json
8 verbose installManyTop reading scoped package data from /home/pi/firstbuild_hackathon/node_modules/ajv/package.json
9 verbose installManyTop reading scoped package data from /home/pi/firstbuild_hackathon/node_modules/ansi-regex/package.json
10 verbose installManyTop reading scoped package data from /home/pi/firstbuild_hackathon/node_modules/ansi-styles/package.json
11 verbose installManyTop reading scoped package data from /home/pi/firstbuild_hackathon/node_modules/anymatch/package.json
12 verbose installManyTop reading scoped package data from /home/pi/firstbuild_hackathon/node_modules/argparse/package.json
13 verbose installManyTop reading scoped package data from /home/pi/firstbuild_hackathon/node_modules/arr-diff/package.json
14 verbose installManyTop reading scoped package data from /home/pi/firstbuild_hackathon/node_modules/arr-flatten/package.json
15 verbose installManyTop reading scoped package data from /home/pi/firstbuild_hackathon/node_modules/array-differ/package.json
16 verbose installManyTop reading scoped package data from /home/pi/firstbuild_hackathon/node_modules/array-flatten/package.json
17 verbose installManyTop reading scoped package data from /home/pi/firstbuild_hackathon/node_modules/array-union/package.json
18 verbose installManyTop reading scoped package data from /home/pi/firstbuild_hackathon/node_modules/array-uniq/package.json
19 verbose installManyTop reading scoped package data from /home/pi/firstbuild_hackathon/node_modules/array-unique/package.json
20 verbose installManyTop reading scoped package data from /home/pi/firstbuild_hackathon/node_modules/arraybuffer.slice/package.json
21 verbose installManyTop reading scoped package data from /home/pi/firstbuild_hackathon/node_modules/arrify/package.json
22 verbose installManyTop reading scoped package data from /home/pi/firstbuild_hackathon/node_modules/asn1/package.json
23 verbose installManyTop reading scoped package data from /home/pi/firstbuild_hackathon/node_modules/assert-plus/package.json
24 verbose installManyTop reading scoped package data from /home/pi/firstbuild_hackathon/node_modules/async/package.json
25 verbose installManyTop reading scoped package data from /home/pi/firstbuild_hackathon/node_modules/async-each/package.json
26 verbose installManyTop reading scoped package data from /home/pi/firstbuild_hackathon/node_modules/async-each-series/package.json
27 verbose installManyTop reading scoped package data from /home/pi/firstbuild_hackathon/node_modules/asynckit/package.json
28 verbose installManyTop reading scoped package data from /home/pi/firstbuild_hackathon/node_modules/aws-sign2/package.json
29 verbose installManyTop reading scoped package data from /home/pi/firstbuild_hackathon/node_modules/aws4/package.json
30 verbose installManyTop reading scoped package data from /home/pi/firstbuild_hackathon/node_modules/backo2/package.json
31 verbose installManyTop reading scoped package data from /home/pi/firstbuild_hackathon/node_modules/balanced-match/package.json
32 verbose installManyTop reading scoped package data from /home/pi/firstbuild_hackathon/node_modules/base64-arraybuffer/package.json
33 verbose installManyTop reading scoped package data from /home/pi/firstbuild_hackathon/node_modules/base64id/package.json
34 verbose installManyTop reading scoped package data from /home/pi/firstbuild_hackathon/node_modules/batch/package.json
35 verbose installManyTop reading scoped package data from /home/pi/firstbuild_hackathon/node_modules/bcrypt-pbkdf/package.json
36 verbose installManyTop reading scoped package data from /home/pi/firstbuild_hackathon/node_modules/better-assert/package.json
37 verbose installManyTop reading scoped package data from /home/pi/firstbuild_hackathon/node_modules/binary-extensions/package.json
38 verbose installManyTop reading scoped package data from /home/pi/firstbuild_hackathon/node_modules/binary-stream/package.json
39 verbose installManyTop reading scoped package data from /home/pi/firstbuild_hackathon/node_modules/blob/package.json
40 verbose installManyTop reading scoped package data from /home/pi/firstbuild_hackathon/node_modules/boom/package.json
41 verbose installManyTop reading scoped package data from /home/pi/firstbuild_hackathon/node_modules/brace-expansion/package.json
42 verbose installManyTop reading scoped package data from /home/pi/firstbuild_hackathon/node_modules/braces/package.json
43 verbose installManyTop reading scoped package data from /home/pi/firstbuild_hackathon/node_modules/browser-sync/package.json
44 verbose installManyTop reading scoped package data from /home/pi/firstbuild_hackathon/node_modules/browser-sync-client/package.json
45 verbose installManyTop reading scoped package data from /home/pi/firstbuild_hackathon/node_modules/browser-sync-ui/package.json
46 verbose installManyTop reading scoped package data from /home/pi/firstbuild_hackathon/node_modules/bs-recipes/package.json
47 verbose installManyTop reading scoped package data from /home/pi/firstbuild_hackathon/node_modules/builtin-modules/package.json
48 verbose installManyTop reading scoped package data from /home/pi/firstbuild_hackathon/node_modules/callsite/package.json
49 verbose installManyTop reading scoped package data from /home/pi/firstbuild_hackathon/node_modules/camelcase/package.json
50 verbose installManyTop reading scoped package data from /home/pi/firstbuild_hackathon/node_modules/caseless/package.json
51 verbose installManyTop reading scoped package data from /home/pi/firstbuild_hackathon/node_modules/chalk/package.json
52 verbose installManyTop reading scoped package data from /home/pi/firstbuild_hackathon/node_modules/chokidar/package.json
53 verbose installManyTop reading scoped package data from /home/pi/firstbuild_hackathon/node_modules/cliui/package.json
54 verbose installManyTop reading scoped package data from /home/pi/firstbuild_hackathon/node_modules/co/package.json
55 verbose installManyTop reading scoped package data from /home/pi/firstbuild_hackathon/node_modules/code-point-at/package.json
56 verbose installManyTop reading scoped package data from /home/pi/firstbuild_hackathon/node_modules/coffee-script/package.json
57 verbose installManyTop reading scoped package data from /home/pi/firstbuild_hackathon/node_modules/colors/package.json
58 verbose installManyTop reading scoped package data from /home/pi/firstbuild_hackathon/node_modules/combined-stream/package.json
59 verbose installManyTop reading scoped package data from /home/pi/firstbuild_hackathon/node_modules/commander/package.json
60 verbose installManyTop reading scoped package data from /home/pi/firstbuild_hackathon/node_modules/component-bind/package.json
61 verbose installManyTop reading scoped package data from /home/pi/firstbuild_hackathon/node_modules/component-emitter/package.json
62 verbose installManyTop reading scoped package data from /home/pi/firstbuild_hackathon/node_modules/component-inherit/package.json
63 verbose installManyTop reading scoped package data from /home/pi/firstbuild_hackathon/node_modules/concat-map/package.json
64 verbose installManyTop reading scoped package data from /home/pi/firstbuild_hackathon/node_modules/connect/package.json
65 verbose installManyTop reading scoped package data from /home/pi/firstbuild_hackathon/node_modules/connect-history-api-fallback/package.json
66 verbose installManyTop reading scoped package data from /home/pi/firstbuild_hackathon/node_modules/content-disposition/package.json
67 verbose installManyTop reading scoped package data from /home/pi/firstbuild_hackathon/node_modules/content-type/package.json
68 verbose installManyTop reading scoped package data from /home/pi/firstbuild_hackathon/node_modules/cookie/package.json
69 verbose installManyTop reading scoped package data from /home/pi/firstbuild_hackathon/node_modules/cookie-signature/package.json
70 verbose installManyTop reading scoped package data from /home/pi/firstbuild_hackathon/node_modules/core-util-is/package.json
71 verbose installManyTop reading scoped package data from /home/pi/firstbuild_hackathon/node_modules/cross-spawn/package.json
72 verbose installManyTop reading scoped package data from /home/pi/firstbuild_hackathon/node_modules/cryptiles/package.json
73 verbose installManyTop reading scoped package data from /home/pi/firstbuild_hackathon/node_modules/dargs/package.json
74 verbose installManyTop reading scoped package data from /home/pi/firstbuild_hackathon/node_modules/dashdash/package.json
75 verbose installManyTop reading scoped package data from /home/pi/firstbuild_hackathon/node_modules/dateformat/package.json
76 verbose installManyTop reading scoped package data from /home/pi/firstbuild_hackathon/node_modules/debug/package.json
77 verbose installManyTop reading scoped package data from /home/pi/firstbuild_hackathon/node_modules/decamelize/package.json
78 verbose installManyTop reading scoped package data from /home/pi/firstbuild_hackathon/node_modules/delayed-stream/package.json
79 verbose installManyTop reading scoped package data from /home/pi/firstbuild_hackathon/node_modules/depd/package.json
80 verbose installManyTop reading scoped package data from /home/pi/firstbuild_hackathon/node_modules/destroy/package.json
81 verbose installManyTop reading scoped package data from /home/pi/firstbuild_hackathon/node_modules/dev-ip/package.json
82 verbose installManyTop reading scoped package data from /home/pi/firstbuild_hackathon/node_modules/easy-extender/package.json
83 verbose installManyTop reading scoped package data from /home/pi/firstbuild_hackathon/node_modules/eazy-logger/package.json
84 verbose installManyTop reading scoped package data from /home/pi/firstbuild_hackathon/node_modules/ecc-jsbn/package.json
85 verbose installManyTop reading scoped package data from /home/pi/firstbuild_hackathon/node_modules/ee-first/package.json
86 verbose installManyTop reading scoped package data from /home/pi/firstbuild_hackathon/node_modules/emitter-steward/package.json
87 verbose installManyTop reading scoped package data from /home/pi/firstbuild_hackathon/node_modules/encodeurl/package.json
88 verbose installManyTop reading scoped package data from /home/pi/firstbuild_hackathon/node_modules/engine.io/package.json
89 verbose installManyTop reading scoped package data from /home/pi/firstbuild_hackathon/node_modules/engine.io-client/package.json
90 verbose installManyTop reading scoped package data from /home/pi/firstbuild_hackathon/node_modules/engine.io-parser/package.json
91 verbose installManyTop reading scoped package data from /home/pi/firstbuild_hackathon/node_modules/error-ex/package.json
92 verbose installManyTop reading scoped package data from /home/pi/firstbuild_hackathon/node_modules/escape-html/package.json
93 verbose installManyTop reading scoped package data from /home/pi/firstbuild_hackathon/node_modules/escape-string-regexp/package.json
94 verbose installManyTop reading scoped package data from /home/pi/firstbuild_hackathon/node_modules/esprima/package.json
95 verbose installManyTop reading scoped package data from /home/pi/firstbuild_hackathon/node_modules/etag/package.json
96 verbose installManyTop reading scoped package data from /home/pi/firstbuild_hackathon/node_modules/eventemitter2/package.json
97 verbose installManyTop reading scoped package data from /home/pi/firstbuild_hackathon/node_modules/eventemitter3/package.json
98 verbose installManyTop reading scoped package data from /home/pi/firstbuild_hackathon/node_modules/exit/package.json
99 verbose installManyTop reading scoped package data from /home/pi/firstbuild_hackathon/node_modules/expand-brackets/package.json
100 verbose installManyTop reading scoped package data from /home/pi/firstbuild_hackathon/node_modules/expand-range/package.json
101 verbose installManyTop reading scoped package data from /home/pi/firstbuild_hackathon/node_modules/express/package.json
102 verbose installManyTop reading scoped package data from /home/pi/firstbuild_hackathon/node_modules/extend/package.json
103 verbose installManyTop reading scoped package data from /home/pi/firstbuild_hackathon/node_modules/extglob/package.json
104 verbose installManyTop reading scoped package data from /home/pi/firstbuild_hackathon/node_modules/extsprintf/package.json
105 verbose installManyTop reading scoped package data from /home/pi/firstbuild_hackathon/node_modules/faye-websocket/package.json
106 verbose installManyTop reading scoped package data from /home/pi/firstbuild_hackathon/node_modules/filename-regex/package.json
107 verbose installManyTop reading scoped package data from /home/pi/firstbuild_hackathon/node_modules/fill-range/package.json
108 verbose installManyTop reading scoped package data from /home/pi/firstbuild_hackathon/node_modules/finalhandler/package.json
109 verbose installManyTop reading scoped package data from /home/pi/firstbuild_hackathon/node_modules/find-up/package.json
110 verbose installManyTop reading scoped package data from /home/pi/firstbuild_hackathon/node_modules/findup-sync/package.json
111 verbose installManyTop reading scoped package data from /home/pi/firstbuild_hackathon/node_modules/firebase/package.json
112 verbose installManyTop reading scoped package data from /home/pi/firstbuild_hackathon/node_modules/for-in/package.json
113 verbose installManyTop reading scoped package data from /home/pi/firstbuild_hackathon/node_modules/for-own/package.json
114 verbose installManyTop reading scoped package data from /home/pi/firstbuild_hackathon/node_modules/forever-agent/package.json
115 verbose installManyTop reading scoped package data from /home/pi/firstbuild_hackathon/node_modules/form-data/package.json
116 verbose installManyTop reading scoped package data from /home/pi/firstbuild_hackathon/node_modules/formidable/package.json
117 verbose installManyTop reading scoped package data from /home/pi/firstbuild_hackathon/node_modules/forwarded/package.json
118 verbose installManyTop reading scoped package data from /home/pi/firstbuild_hackathon/node_modules/fresh/package.json
119 verbose installManyTop reading scoped package data from /home/pi/firstbuild_hackathon/node_modules/fs-extra/package.json
120 verbose installManyTop reading scoped package data from /home/pi/firstbuild_hackathon/node_modules/gaze/package.json
121 verbose installManyTop reading scoped package data from /home/pi/firstbuild_hackathon/node_modules/gea-adapter-usb/package.json
122 verbose installManyTop reading scoped package data from /home/pi/firstbuild_hackathon/node_modules/gea-plugin-dishwasher/package.json
123 verbose installManyTop reading scoped package data from /home/pi/firstbuild_hackathon/node_modules/gea-plugin-laundry/package.json
124 verbose installManyTop reading scoped package data from /home/pi/firstbuild_hackathon/node_modules/gea-plugin-range/package.json
125 verbose installManyTop reading scoped package data from /home/pi/firstbuild_hackathon/node_modules/gea-plugin-refrigerator/package.json
126 verbose installManyTop reading scoped package data from /home/pi/firstbuild_hackathon/node_modules/gea-plugin-water-heater/package.json
127 verbose installManyTop reading scoped package data from /home/pi/firstbuild_hackathon/node_modules/gea-sdk/package.json
128 verbose installManyTop reading scoped package data from /home/pi/firstbuild_hackathon/node_modules/get-caller-file/package.json
129 verbose installManyTop reading scoped package data from /home/pi/firstbuild_hackathon/node_modules/getobject/package.json
130 verbose installManyTop reading scoped package data from /home/pi/firstbuild_hackathon/node_modules/getpass/package.json
131 verbose installManyTop reading scoped package data from /home/pi/firstbuild_hackathon/node_modules/glob/package.json
132 verbose installManyTop reading scoped package data from /home/pi/firstbuild_hackathon/node_modules/glob-base/package.json
133 verbose installManyTop reading scoped package data from /home/pi/firstbuild_hackathon/node_modules/glob-parent/package.json
134 verbose installManyTop reading scoped package data from /home/pi/firstbuild_hackathon/node_modules/globule/package.json
135 verbose installManyTop reading scoped package data from /home/pi/firstbuild_hackathon/node_modules/graceful-fs/package.json
136 verbose installManyTop reading scoped package data from /home/pi/firstbuild_hackathon/node_modules/green-bean/package.json
137 verbose installManyTop reading scoped package data from /home/pi/firstbuild_hackathon/node_modules/grunt/package.json
138 verbose installManyTop reading scoped package data from /home/pi/firstbuild_hackathon/node_modules/grunt-browser-sync/package.json
139 verbose installManyTop reading scoped package data from /home/pi/firstbuild_hackathon/node_modules/grunt-contrib-sass/package.json
140 verbose installManyTop reading scoped package data from /home/pi/firstbuild_hackathon/node_modules/grunt-contrib-watch/package.json
141 verbose installManyTop reading scoped package data from /home/pi/firstbuild_hackathon/node_modules/grunt-legacy-log/package.json
142 verbose installManyTop reading scoped package data from /home/pi/firstbuild_hackathon/node_modules/grunt-legacy-log-utils/package.json
143 verbose installManyTop reading scoped package data from /home/pi/firstbuild_hackathon/node_modules/grunt-legacy-util/package.json
144 verbose installManyTop reading scoped package data from /home/pi/firstbuild_hackathon/node_modules/har-schema/package.json
145 verbose installManyTop reading scoped package data from /home/pi/firstbuild_hackathon/node_modules/har-validator/package.json
146 verbose installManyTop reading scoped package data from /home/pi/firstbuild_hackathon/node_modules/has-ansi/package.json
147 verbose installManyTop reading scoped package data from /home/pi/firstbuild_hackathon/node_modules/has-binary/package.json
148 verbose installManyTop reading scoped package data from /home/pi/firstbuild_hackathon/node_modules/has-cors/package.json
149 verbose installManyTop reading scoped package data from /home/pi/firstbuild_hackathon/node_modules/hawk/package.json
150 verbose installManyTop reading scoped package data from /home/pi/firstbuild_hackathon/node_modules/hoek/package.json
151 verbose installManyTop reading scoped package data from /home/pi/firstbuild_hackathon/node_modules/hooker/package.json
152 verbose installManyTop reading scoped package data from /home/pi/firstbuild_hackathon/node_modules/hosted-git-info/package.json
153 verbose installManyTop reading scoped package data from /home/pi/firstbuild_hackathon/node_modules/http-errors/package.json
154 verbose installManyTop reading scoped package data from /home/pi/firstbuild_hackathon/node_modules/http-proxy/package.json
155 verbose installManyTop reading scoped package data from /home/pi/firstbuild_hackathon/node_modules/http-signature/package.json
156 verbose installManyTop reading scoped package data from /home/pi/firstbuild_hackathon/node_modules/iconv-lite/package.json
157 verbose installManyTop reading scoped package data from /home/pi/firstbuild_hackathon/node_modules/immutable/package.json
158 verbose installManyTop reading scoped package data from /home/pi/firstbuild_hackathon/node_modules/indexof/package.json
159 verbose installManyTop reading scoped package data from /home/pi/firstbuild_hackathon/node_modules/inherits/package.json
160 verbose installManyTop reading scoped package data from /home/pi/firstbuild_hackathon/node_modules/invert-kv/package.json
161 verbose installManyTop reading scoped package data from /home/pi/firstbuild_hackathon/node_modules/ipaddr.js/package.json
162 verbose installManyTop reading scoped package data from /home/pi/firstbuild_hackathon/node_modules/is-arrayish/package.json
163 verbose installManyTop reading scoped package data from /home/pi/firstbuild_hackathon/node_modules/is-binary-path/package.json
164 verbose installManyTop reading scoped package data from /home/pi/firstbuild_hackathon/node_modules/is-buffer/package.json
165 verbose installManyTop reading scoped package data from /home/pi/firstbuild_hackathon/node_modules/is-builtin-module/package.json
166 verbose installManyTop reading scoped package data from /home/pi/firstbuild_hackathon/node_modules/is-dotfile/package.json
167 verbose installManyTop reading scoped package data from /home/pi/firstbuild_hackathon/node_modules/is-equal-shallow/package.json
168 verbose installManyTop reading scoped package data from /home/pi/firstbuild_hackathon/node_modules/is-extendable/package.json
169 verbose installManyTop reading scoped package data from /home/pi/firstbuild_hackathon/node_modules/is-extglob/package.json
170 verbose installManyTop reading scoped package data from /home/pi/firstbuild_hackathon/node_modules/is-fullwidth-code-point/package.json
171 verbose installManyTop reading scoped package data from /home/pi/firstbuild_hackathon/node_modules/is-glob/package.json
172 verbose installManyTop reading scoped package data from /home/pi/firstbuild_hackathon/node_modules/is-number/package.json
173 verbose installManyTop reading scoped package data from /home/pi/firstbuild_hackathon/node_modules/is-number-like/package.json
174 verbose installManyTop reading scoped package data from /home/pi/firstbuild_hackathon/node_modules/is-posix-bracket/package.json
175 verbose installManyTop reading scoped package data from /home/pi/firstbuild_hackathon/node_modules/is-primitive/package.json
176 verbose installManyTop reading scoped package data from /home/pi/firstbuild_hackathon/node_modules/is-typedarray/package.json
177 verbose installManyTop reading scoped package data from /home/pi/firstbuild_hackathon/node_modules/is-utf8/package.json
178 verbose installManyTop reading scoped package data from /home/pi/firstbuild_hackathon/node_modules/isarray/package.json
179 verbose installManyTop reading scoped package data from /home/pi/firstbuild_hackathon/node_modules/isobject/package.json
180 verbose installManyTop reading scoped package data from /home/pi/firstbuild_hackathon/node_modules/isstream/package.json
181 verbose installManyTop reading scoped package data from /home/pi/firstbuild_hackathon/node_modules/js-yaml/package.json
182 verbose installManyTop reading scoped package data from /home/pi/firstbuild_hackathon/node_modules/jsbn/package.json
183 verbose installManyTop reading scoped package data from /home/pi/firstbuild_hackathon/node_modules/json-schema/package.json
184 verbose installManyTop reading scoped package data from /home/pi/firstbuild_hackathon/node_modules/json-stable-stringify/package.json
185 verbose installManyTop reading scoped package data from /home/pi/firstbuild_hackathon/node_modules/json-stringify-safe/package.json
186 verbose installManyTop reading scoped package data from /home/pi/firstbuild_hackathon/node_modules/json3/package.json
187 verbose installManyTop reading scoped package data from /home/pi/firstbuild_hackathon/node_modules/jsonfile/package.json
188 verbose installManyTop reading scoped package data from /home/pi/firstbuild_hackathon/node_modules/jsonify/package.json
189 verbose installManyTop reading scoped package data from /home/pi/firstbuild_hackathon/node_modules/jsprim/package.json
190 verbose installManyTop reading scoped package data from /home/pi/firstbuild_hackathon/node_modules/kind-of/package.json
191 verbose installManyTop reading scoped package data from /home/pi/firstbuild_hackathon/node_modules/lcid/package.json
192 verbose installManyTop reading scoped package data from /home/pi/firstbuild_hackathon/node_modules/limiter/package.json
193 verbose installManyTop reading scoped package data from /home/pi/firstbuild_hackathon/node_modules/load-grunt-tasks/package.json
194 verbose installManyTop reading scoped package data from /home/pi/firstbuild_hackathon/node_modules/load-json-file/package.json
195 verbose installManyTop reading scoped package data from /home/pi/firstbuild_hackathon/node_modules/localtunnel/package.json
196 verbose installManyTop reading scoped package data from /home/pi/firstbuild_hackathon/node_modules/lodash/package.json
197 verbose installManyTop reading scoped package data from /home/pi/firstbuild_hackathon/node_modules/lodash.isfinite/package.json
198 verbose installManyTop reading scoped package data from /home/pi/firstbuild_hackathon/node_modules/lru-cache/package.json
199 verbose installManyTop reading scoped package data from /home/pi/firstbuild_hackathon/node_modules/media-typer/package.json
200 verbose installManyTop reading scoped package data from /home/pi/firstbuild_hackathon/node_modules/merge-descriptors/package.json
201 verbose installManyTop reading scoped package data from /home/pi/firstbuild_hackathon/node_modules/methods/package.json
202 verbose installManyTop reading scoped package data from /home/pi/firstbuild_hackathon/node_modules/micromatch/package.json
203 verbose installManyTop reading scoped package data from /home/pi/firstbuild_hackathon/node_modules/mime/package.json
204 verbose installManyTop reading scoped package data from /home/pi/firstbuild_hackathon/node_modules/mime-db/package.json
205 verbose installManyTop reading scoped package data from /home/pi/firstbuild_hackathon/node_modules/mime-types/package.json
206 verbose installManyTop reading scoped package data from /home/pi/firstbuild_hackathon/node_modules/minimatch/package.json
207 verbose installManyTop reading scoped package data from /home/pi/firstbuild_hackathon/node_modules/ms/package.json
208 verbose installManyTop reading scoped package data from /home/pi/firstbuild_hackathon/node_modules/multimatch/package.json
209 verbose installManyTop reading scoped package data from /home/pi/firstbuild_hackathon/node_modules/nan/package.json
210 verbose installManyTop reading scoped package data from /home/pi/firstbuild_hackathon/node_modules/negotiator/package.json
211 verbose installManyTop reading scoped package data from /home/pi/firstbuild_hackathon/node_modules/node-hid/package.json
212 verbose installManyTop reading scoped package data from /home/pi/firstbuild_hackathon/node_modules/nopt/package.json
213 verbose installManyTop reading scoped package data from /home/pi/firstbuild_hackathon/node_modules/noptify/package.json
214 verbose installManyTop reading scoped package data from /home/pi/firstbuild_hackathon/node_modules/normalize-package-data/package.json
215 verbose installManyTop reading scoped package data from /home/pi/firstbuild_hackathon/node_modules/normalize-path/package.json
216 verbose installManyTop reading scoped package data from /home/pi/firstbuild_hackathon/node_modules/number-is-nan/package.json
217 verbose installManyTop reading scoped package data from /home/pi/firstbuild_hackathon/node_modules/oauth-sign/package.json
218 verbose installManyTop reading scoped package data from /home/pi/firstbuild_hackathon/node_modules/object-assign/package.json
219 verbose installManyTop reading scoped package data from /home/pi/firstbuild_hackathon/node_modules/object-component/package.json
220 verbose installManyTop reading scoped package data from /home/pi/firstbuild_hackathon/node_modules/object-path/package.json
221 verbose installManyTop reading scoped package data from /home/pi/firstbuild_hackathon/node_modules/object.omit/package.json
222 verbose installManyTop reading scoped package data from /home/pi/firstbuild_hackathon/node_modules/on-finished/package.json
223 verbose installManyTop reading scoped package data from /home/pi/firstbuild_hackathon/node_modules/openurl/package.json
224 verbose installManyTop reading scoped package data from /home/pi/firstbuild_hackathon/node_modules/opn/package.json
225 verbose installManyTop reading scoped package data from /home/pi/firstbuild_hackathon/node_modules/options/package.json
226 verbose installManyTop reading scoped package data from /home/pi/firstbuild_hackathon/node_modules/os-locale/package.json
227 verbose installManyTop reading scoped package data from /home/pi/firstbuild_hackathon/node_modules/parse-glob/package.json
228 verbose installManyTop reading scoped package data from /home/pi/firstbuild_hackathon/node_modules/parse-json/package.json
229 verbose installManyTop reading scoped package data from /home/pi/firstbuild_hackathon/node_modules/parsejson/package.json
230 verbose installManyTop reading scoped package data from /home/pi/firstbuild_hackathon/node_modules/parseqs/package.json
231 verbose installManyTop reading scoped package data from /home/pi/firstbuild_hackathon/node_modules/parseuri/package.json
232 verbose installManyTop reading scoped package data from /home/pi/firstbuild_hackathon/node_modules/parseurl/package.json
233 verbose installManyTop reading scoped package data from /home/pi/firstbuild_hackathon/node_modules/path-exists/package.json
234 verbose installManyTop reading scoped package data from /home/pi/firstbuild_hackathon/node_modules/path-is-absolute/package.json
235 verbose installManyTop reading scoped package data from /home/pi/firstbuild_hackathon/node_modules/path-to-regexp/package.json
236 verbose installManyTop reading scoped package data from /home/pi/firstbuild_hackathon/node_modules/path-type/package.json
237 verbose installManyTop reading scoped package data from /home/pi/firstbuild_hackathon/node_modules/performance-now/package.json
238 verbose installManyTop reading scoped package data from /home/pi/firstbuild_hackathon/node_modules/pify/package.json
239 verbose installManyTop reading scoped package data from /home/pi/firstbuild_hackathon/node_modules/pinkie/package.json
240 verbose installManyTop reading scoped package data from /home/pi/firstbuild_hackathon/node_modules/pinkie-promise/package.json
241 verbose installManyTop reading scoped package data from /home/pi/firstbuild_hackathon/node_modules/pkg-up/package.json
242 verbose installManyTop reading scoped package data from /home/pi/firstbuild_hackathon/node_modules/portscanner/package.json
243 verbose installManyTop reading scoped package data from /home/pi/firstbuild_hackathon/node_modules/preserve/package.json
244 verbose installManyTop reading scoped package data from /home/pi/firstbuild_hackathon/node_modules/process-nextick-args/package.json
245 verbose installManyTop reading scoped package data from /home/pi/firstbuild_hackathon/node_modules/proxy-addr/package.json
246 verbose installManyTop reading scoped package data from /home/pi/firstbuild_hackathon/node_modules/punycode/package.json
247 verbose installManyTop reading scoped package data from /home/pi/firstbuild_hackathon/node_modules/qs/package.json
248 verbose installManyTop reading scoped package data from /home/pi/firstbuild_hackathon/node_modules/randomatic/package.json
249 verbose installManyTop reading scoped package data from /home/pi/firstbuild_hackathon/node_modules/range-parser/package.json
250 verbose installManyTop reading scoped package data from /home/pi/firstbuild_hackathon/node_modules/read-pkg/package.json
251 verbose installManyTop reading scoped package data from /home/pi/firstbuild_hackathon/node_modules/read-pkg-up/package.json
252 verbose installManyTop reading scoped package data from /home/pi/firstbuild_hackathon/node_modules/readable-stream/package.json
253 verbose installManyTop reading scoped package data from /home/pi/firstbuild_hackathon/node_modules/readdirp/package.json
254 verbose installManyTop reading scoped package data from /home/pi/firstbuild_hackathon/node_modules/regex-cache/package.json
255 verbose installManyTop reading scoped package data from /home/pi/firstbuild_hackathon/node_modules/remove-trailing-separator/package.json
256 verbose installManyTop reading scoped package data from /home/pi/firstbuild_hackathon/node_modules/repeat-element/package.json
257 verbose installManyTop reading scoped package data from /home/pi/firstbuild_hackathon/node_modules/repeat-string/package.json
258 verbose installManyTop reading scoped package data from /home/pi/firstbuild_hackathon/node_modules/request/package.json
259 verbose installManyTop reading scoped package data from /home/pi/firstbuild_hackathon/node_modules/require-directory/package.json
260 verbose installManyTop reading scoped package data from /home/pi/firstbuild_hackathon/node_modules/require-main-filename/package.json
261 verbose installManyTop reading scoped package data from /home/pi/firstbuild_hackathon/node_modules/requires-port/package.json
262 verbose installManyTop reading scoped package data from /home/pi/firstbuild_hackathon/node_modules/resolve-from/package.json
263 verbose installManyTop reading scoped package data from /home/pi/firstbuild_hackathon/node_modules/resolve-pkg/package.json
264 verbose installManyTop reading scoped package data from /home/pi/firstbuild_hackathon/node_modules/resp-modifier/package.json
265 verbose installManyTop reading scoped package data from /home/pi/firstbuild_hackathon/node_modules/rimraf/package.json
266 verbose installManyTop reading scoped package data from /home/pi/firstbuild_hackathon/node_modules/rx/package.json
267 verbose installManyTop reading scoped package data from /home/pi/firstbuild_hackathon/node_modules/safe-buffer/package.json
268 verbose installManyTop reading scoped package data from /home/pi/firstbuild_hackathon/node_modules/semver/package.json
269 verbose installManyTop reading scoped package data from /home/pi/firstbuild_hackathon/node_modules/send/package.json
270 verbose installManyTop reading scoped package data from /home/pi/firstbuild_hackathon/node_modules/serve-index/package.json
271 verbose installManyTop reading scoped package data from /home/pi/firstbuild_hackathon/node_modules/serve-static/package.json
272 verbose installManyTop reading scoped package data from /home/pi/firstbuild_hackathon/node_modules/server-destroy/package.json
273 verbose installManyTop reading scoped package data from /home/pi/firstbuild_hackathon/node_modules/set-blocking/package.json
274 verbose installManyTop reading scoped package data from /home/pi/firstbuild_hackathon/node_modules/set-immediate-shim/package.json
275 verbose installManyTop reading scoped package data from /home/pi/firstbuild_hackathon/node_modules/setprototypeof/package.json
276 verbose installManyTop reading scoped package data from /home/pi/firstbuild_hackathon/node_modules/sigmund/package.json
277 verbose installManyTop reading scoped package data from /home/pi/firstbuild_hackathon/node_modules/sntp/package.json
278 verbose installManyTop reading scoped package data from /home/pi/firstbuild_hackathon/node_modules/socket.io/package.json
279 verbose installManyTop reading scoped package data from /home/pi/firstbuild_hackathon/node_modules/socket.io-adapter/package.json
280 verbose installManyTop reading scoped package data from /home/pi/firstbuild_hackathon/node_modules/socket.io-client/package.json
281 verbose installManyTop reading scoped package data from /home/pi/firstbuild_hackathon/node_modules/socket.io-parser/package.json
282 verbose installManyTop reading scoped package data from /home/pi/firstbuild_hackathon/node_modules/spdx-correct/package.json
283 verbose installManyTop reading scoped package data from /home/pi/firstbuild_hackathon/node_modules/spdx-expression-parse/package.json
284 verbose installManyTop reading scoped package data from /home/pi/firstbuild_hackathon/node_modules/spdx-license-ids/package.json
285 verbose installManyTop reading scoped package data from /home/pi/firstbuild_hackathon/node_modules/sshpk/package.json
286 verbose installManyTop reading scoped package data from /home/pi/firstbuild_hackathon/node_modules/statuses/package.json
287 verbose installManyTop reading scoped package data from /home/pi/firstbuild_hackathon/node_modules/stream-throttle/package.json
288 verbose installManyTop reading scoped package data from /home/pi/firstbuild_hackathon/node_modules/string-width/package.json
289 verbose installManyTop reading scoped package data from /home/pi/firstbuild_hackathon/node_modules/string_decoder/package.json
290 verbose installManyTop reading scoped package data from /home/pi/firstbuild_hackathon/node_modules/stringstream/package.json
291 verbose installManyTop reading scoped package data from /home/pi/firstbuild_hackathon/node_modules/strip-ansi/package.json
292 verbose installManyTop reading scoped package data from /home/pi/firstbuild_hackathon/node_modules/strip-bom/package.json
293 verbose installManyTop reading scoped package data from /home/pi/firstbuild_hackathon/node_modules/supports-color/package.json
294 verbose installManyTop reading scoped package data from /home/pi/firstbuild_hackathon/node_modules/tfunk/package.json
295 verbose installManyTop reading scoped package data from /home/pi/firstbuild_hackathon/node_modules/tiny-lr-fork/package.json
296 verbose installManyTop reading scoped package data from /home/pi/firstbuild_hackathon/node_modules/to-array/package.json
297 verbose installManyTop reading scoped package data from /home/pi/firstbuild_hackathon/node_modules/tough-cookie/package.json
298 verbose installManyTop reading scoped package data from /home/pi/firstbuild_hackathon/node_modules/tunnel-agent/package.json
299 verbose installManyTop reading scoped package data from /home/pi/firstbuild_hackathon/node_modules/tweetnacl/package.json
300 verbose installManyTop reading scoped package data from /home/pi/firstbuild_hackathon/node_modules/type-is/package.json
301 verbose installManyTop reading scoped package data from /home/pi/firstbuild_hackathon/node_modules/ua-parser-js/package.json
302 verbose installManyTop reading scoped package data from /home/pi/firstbuild_hackathon/node_modules/ultron/package.json
303 verbose installManyTop reading scoped package data from /home/pi/firstbuild_hackathon/node_modules/underscore/package.json
304 verbose installManyTop reading scoped package data from /home/pi/firstbuild_hackathon/node_modules/underscore.string/package.json
305 verbose installManyTop reading scoped package data from /home/pi/firstbuild_hackathon/node_modules/universalify/package.json
306 verbose installManyTop reading scoped package data from /home/pi/firstbuild_hackathon/node_modules/unpipe/package.json
307 verbose installManyTop reading scoped package data from /home/pi/firstbuild_hackathon/node_modules/util-deprecate/package.json
308 verbose installManyTop reading scoped package data from /home/pi/firstbuild_hackathon/node_modules/utils-merge/package.json
309 verbose installManyTop reading scoped package data from /home/pi/firstbuild_hackathon/node_modules/uuid/package.json
310 verbose installManyTop reading scoped package data from /home/pi/firstbuild_hackathon/node_modules/validate-npm-package-license/package.json
311 verbose installManyTop reading scoped package data from /home/pi/firstbuild_hackathon/node_modules/vary/package.json
312 verbose installManyTop reading scoped package data from /home/pi/firstbuild_hackathon/node_modules/verror/package.json
313 verbose installManyTop reading scoped package data from /home/pi/firstbuild_hackathon/node_modules/weinre/package.json
314 verbose installManyTop reading scoped package data from /home/pi/firstbuild_hackathon/node_modules/which/package.json
315 verbose installManyTop reading scoped package data from /home/pi/firstbuild_hackathon/node_modules/which-module/package.json
316 verbose installManyTop reading scoped package data from /home/pi/firstbuild_hackathon/node_modules/window-size/package.json
317 verbose installManyTop reading scoped package data from /home/pi/firstbuild_hackathon/node_modules/wrap-ansi/package.json
318 verbose installManyTop reading scoped package data from /home/pi/firstbuild_hackathon/node_modules/ws/package.json
319 verbose installManyTop reading scoped package data from /home/pi/firstbuild_hackathon/node_modules/wtf-8/package.json
320 verbose installManyTop reading scoped package data from /home/pi/firstbuild_hackathon/node_modules/xmlhttprequest-ssl/package.json
321 verbose installManyTop reading scoped package data from /home/pi/firstbuild_hackathon/node_modules/y18n/package.json
322 verbose installManyTop reading scoped package data from /home/pi/firstbuild_hackathon/node_modules/yargs/package.json
323 verbose installManyTop reading scoped package data from /home/pi/firstbuild_hackathon/node_modules/yargs-parser/package.json
324 verbose installManyTop reading scoped package data from /home/pi/firstbuild_hackathon/node_modules/yeast/package.json
325 info package.json arraybuffer.slice@0.0.6 No license field.
326 info package.json base64-arraybuffer@0.1.5 No license field.
327 info package.json better-assert@1.0.2 No license field.
328 info package.json blob@0.0.4 No license field.
329 info package.json callsite@1.0.0 No repository field.
330 info package.json callsite@1.0.0 No license field.
331 info package.json component-bind@1.0.0 No license field.
332 info package.json component-emitter@1.1.2 No license field.
333 info package.json component-inherit@0.0.3 No license field.
334 info package.json firebase@2.4.2 No license field.
335 info package.json green-bean@0.1.1 No license field.
336 info package.json has-binary@0.1.7 No repository field.
337 info package.json indexof@0.0.1 No repository field.
338 info package.json indexof@0.0.1 No license field.
339 info package.json json3@3.3.2 No license field.
340 info package.json mime@1.3.4 No license field.
341 info package.json object-component@0.0.3 No repository field.
342 info package.json object-component@0.0.3 No license field.
343 info package.json options@0.0.6 No license field.
344 info package.json to-array@0.1.4 No license field.
345 info package.json utils-merge@1.0.0 No license field.
346 info package.json xmlhttprequest-ssl@1.5.3 No license field.
347 info package.json array-unique@0.2.1 license should be a valid SPDX license expression
348 info package.json async@0.1.22 No license field.
349 info package.json batch@0.5.3 No license field.
350 info package.json bcrypt-pbkdf@1.0.1 No repository field.
351 info package.json binary-stream@0.1.0 No license field.
352 info package.json browser-sync-client@2.5.1 No license field.
353 info package.json coffee-script@1.3.3 No license field.
354 info package.json colors@0.6.2 No license field.
355 info package.json dateformat@1.0.2-1.2.3 No repository field.
356 info package.json dateformat@1.0.2-1.2.3 No license field.
357 info package.json dev-ip@1.0.1 No license field.
358 info package.json easy-extender@2.3.2 No license field.
359 info package.json eazy-logger@3.0.2 No license field.
360 info package.json esprima@1.0.4 No license field.
361 info package.json exit@0.1.2 No license field.
362 info package.json faye-websocket@0.4.4 'repositories' (plural) Not supported. Please pick one as the 'repository' field
363 info package.json faye-websocket@0.4.4 No license field.
364 info package.json findup-sync@0.1.3 No license field.
365 info package.json formidable@1.0.17 No license field.
366 info package.json gaze@0.5.2 No license field.
367 info package.json gea-adapter-usb@0.1.0 No license field.
368 info package.json gea-plugin-dishwasher@0.1.0 No license field.
369 info package.json gea-plugin-laundry@0.1.0 No license field.
370 info package.json gea-plugin-refrigerator@0.1.0 No license field.
371 info package.json gea-plugin-range@0.1.0 No license field.
372 info package.json gea-sdk@0.1.0 No license field.
373 info package.json gea-plugin-water-heater@0.1.0 No license field.
374 info package.json getobject@0.1.0 No license field.
375 info package.json glob@3.1.21 license should be a valid SPDX license expression
376 info package.json glob-base@0.3.0 license should be a valid SPDX license expression
377 info package.json globule@0.1.0 No license field.
378 info package.json graceful-fs@1.2.3 license should be a valid SPDX license expression
379 info package.json grunt@0.4.5 No license field.
380 info package.json grunt-browser-sync@2.2.0 No license field.
381 info package.json grunt-contrib-watch@0.6.1 No license field.
382 info package.json grunt-contrib-sass@0.9.2 No license field.
383 info package.json grunt-legacy-log-utils@0.1.1 No license field.
384 info package.json grunt-legacy-util@0.2.0 No license field.
385 info package.json hooker@0.2.3 No license field.
386 info package.json is-primitive@2.0.0 license should be a valid SPDX license expression
387 info package.json js-yaml@2.0.5 license should be a valid SPDX license expression
388 info package.json json-schema@0.2.3 No license field.
389 info package.json jsonify@0.0.0 license should be a valid SPDX license expression
390 info package.json limiter@1.1.2 No license field.
391 info package.json minimatch@0.2.14 license should be a valid SPDX license expression
392 info package.json nopt@1.0.10 license should be a valid SPDX license expression
393 info package.json noptify@0.0.3 No license field.
394 info package.json preserve@0.2.0 license should be a valid SPDX license expression
395 info package.json punycode@1.4.1 punycode is also the name of a node core module.
396 info package.json repeat-element@1.1.2 license should be a valid SPDX license expression
397 info package.json resp-modifier@6.0.2 No license field.
398 info package.json rimraf@2.2.8 license should be a valid SPDX license expression
399 info package.json sntp@1.0.9 No license field.
400 info package.json string_decoder@1.0.3 string_decoder is also the name of a node core module.
401 info package.json tiny-lr-fork@0.0.5 No license field.
402 info package.json underscore@1.7.0 No license field.
403 info package.json underscore.string@2.2.1 No license field.
404 info package.json weinre@2.0.0-pre-I0Z7U9OV No license field.
405 verbose readDependencies loading dependencies from /home/pi/firstbuild_hackathon/package.json
406 verbose install gea-plugin-range is installed as 0.1.0
407 silly cache add args [ 'gea-plugin-range', null ]
408 verbose cache add spec gea-plugin-range
409 silly cache add parsed spec Result {
409 silly cache add   raw: 'gea-plugin-range',
409 silly cache add   scope: null,
409 silly cache add   name: 'gea-plugin-range',
409 silly cache add   rawSpec: '',
409 silly cache add   spec: '*',
409 silly cache add   type: 'range' }
410 silly addNamed gea-plugin-range@*
411 verbose addNamed "*" is a valid semver range for gea-plugin-range
412 silly addNameRange { name: 'gea-plugin-range', range: '*', hasData: false }
413 silly mapToRegistry name gea-plugin-range
414 silly mapToRegistry using default registry
415 silly mapToRegistry registry https://registry.npmjs.org/
416 silly mapToRegistry uri https://registry.npmjs.org/gea-plugin-range
417 verbose addNameRange registry:https://registry.npmjs.org/gea-plugin-range not in flight; fetching
418 verbose request uri https://registry.npmjs.org/gea-plugin-range
419 verbose request no auth needed
420 info attempt registry request try #1 at 23:56:03
421 verbose request id c0c6a3e38230af75
422 http request GET https://registry.npmjs.org/gea-plugin-range
423 http 404 https://registry.npmjs.org/gea-plugin-range
424 verbose headers { 'content-type': 'application/json',
424 verbose headers   'cache-control': 'max-age=0',
424 verbose headers   'content-length': '2',
424 verbose headers   'accept-ranges': 'bytes',
424 verbose headers   date: 'Sat, 09 Sep 2017 23:56:04 GMT',
424 verbose headers   via: '1.1 varnish',
424 verbose headers   age: '0',
424 verbose headers   connection: 'keep-alive',
424 verbose headers   'x-served-by': 'cache-dfw1834-DFW',
424 verbose headers   'x-cache': 'MISS',
424 verbose headers   'x-cache-hits': '0',
424 verbose headers   'x-timer': 'S1505001364.168720,VS0,VE415',
424 verbose headers   vary: 'Accept-Encoding' }
425 silly get cb [ 404,
425 silly get   { 'content-type': 'application/json',
425 silly get     'cache-control': 'max-age=0',
425 silly get     'content-length': '2',
425 silly get     'accept-ranges': 'bytes',
425 silly get     date: 'Sat, 09 Sep 2017 23:56:04 GMT',
425 silly get     via: '1.1 varnish',
425 silly get     age: '0',
425 silly get     connection: 'keep-alive',
425 silly get     'x-served-by': 'cache-dfw1834-DFW',
425 silly get     'x-cache': 'MISS',
425 silly get     'x-cache-hits': '0',
425 silly get     'x-timer': 'S1505001364.168720,VS0,VE415',
425 silly get     vary: 'Accept-Encoding' } ]
426 verbose stack Error: Registry returned 404 for GET on https://registry.npmjs.org/gea-plugin-range
426 verbose stack     at makeError (/usr/local/lib/node_modules/npm/node_modules/npm-registry-client/lib/request.js:264:12)
426 verbose stack     at CachingRegistryClient.<anonymous> (/usr/local/lib/node_modules/npm/node_modules/npm-registry-client/lib/request.js:242:14)
426 verbose stack     at Request._callback (/usr/local/lib/node_modules/npm/node_modules/npm-registry-client/lib/request.js:172:14)
426 verbose stack     at Request.self.callback (/usr/local/lib/node_modules/npm/node_modules/request/request.js:198:22)
426 verbose stack     at emitTwo (events.js:87:13)
426 verbose stack     at Request.emit (events.js:172:7)
426 verbose stack     at Request.<anonymous> (/usr/local/lib/node_modules/npm/node_modules/request/request.js:1063:14)
426 verbose stack     at emitOne (events.js:82:20)
426 verbose stack     at Request.emit (events.js:169:7)
426 verbose stack     at IncomingMessage.<anonymous> (/usr/local/lib/node_modules/npm/node_modules/request/request.js:1009:12)
427 verbose statusCode 404
428 verbose pkgid gea-plugin-range
429 verbose cwd /home/pi/firstbuild_hackathon
430 error Linux 4.9.35-v7+
431 error argv "/usr/local/bin/node" "/usr/local/bin/npm" "install" "gea-plugin-range"
432 error node v4.2.1
433 error npm  v2.14.7
434 error code E404
435 error 404 Registry returned 404 for GET on https://registry.npmjs.org/gea-plugin-range
435 error 404
435 error 404 'gea-plugin-range' is not in the npm registry.
435 error 404 You should bug the author to publish it (or use the name yourself!)
435 error 404 It was specified as a dependency of 'firstbuild_hackathon'
435 error 404
435 error 404 Note that you can also install from a
435 error 404 tarball, folder, http url, or git url.
436 verbose exit [ 1, true ]
